<?xml version="1.0" encoding="UTF-8"?>
<testng-results skipped="0" failed="0" total="1" passed="1">
  <reporter-output>
  </reporter-output>
  <suite name="Suite" duration-ms="24142" started-at="2020-04-05T13:23:56Z" finished-at="2020-04-05T13:24:20Z">
    <groups>
    </groups>
    <test name="Suite" duration-ms="24142" started-at="2020-04-05T13:23:56Z" finished-at="2020-04-05T13:24:20Z">
      <class name="com.test1.test.MyaccountpageTest">
        <test-method status="PASS" signature="f()[pri:0, instance:com.test1.test.MyaccountpageTest@feb3fa]" name="f" duration-ms="24121" started-at="2020-04-05T18:53:56Z" finished-at="2020-04-05T18:54:20Z">
          <reporter-output>
          </reporter-output>
        </test-method> <!-- f -->
      </class> <!-- com.test1.test.MyaccountpageTest -->
    </test> <!-- Suite -->
  </suite> <!-- Suite -->
</testng-results>
